<?xml version="1.0" encoding="UTF-8"?>
<!-- Generated by org.testng.reporters.JUnitXMLReporter -->
<testsuite hostname="DESKTOP-5LMBOJS" failures="0" tests="6" name="GoogleSearchTest" time="176.422" errors="0" timestamp="5 Apr 2021 06:09:58 GMT">
  <testcase classname="googletests.Verify_GooglePageTop10ResultsLinkAndOpenLinkandCountKeyword" name="testToverifyGoogleForTop10Results" time="160.471"/>
  <testcase classname="googletests.Verify_RetriveGooglePageTop10ResultsAndStoreInFileandDisplay" name="testToverifyGoogleForTop10Results" time="1.787"/>
  <testcase classname="googletests.Verify_RetriveGooglePageTop10ResultsAndStoreInFileandDisplay" name="testToverifyGoogleForTop10Results" time="1.877"/>
  <testcase classname="googletests.Verify_RetriveGooglePageTop10ResultsAndStoreInFileandDisplay" name="testToverifyGoogleForTop10Results" time="1.517"/>
  <testcase classname="googletests.Verify_RetriveGooglePageTop10ResultsAndStoreInFileandDisplay" name="testToverifyGoogleForTop10Results" time="1.768"/>
  <testcase classname="googletests.Verify_RetriveGooglePageTop10ResultsAndStoreInFileandDisplay" name="testToverifyGoogleForTop10Results" time="1.99"/>
</testsuite> <!-- GoogleSearchTest -->
