<?xml version="1.0" encoding="UTF-8"?>
<testng-results total="6" passed="6" failed="0" skipped="0">
  <reporter-output>
    <line>
      <![CDATA[In Links Page : https://www.youtube.com/oracle/ |Keyword  Occurred  :45]]>
    </line>
    <line>
      <![CDATA[In Links Page : https://www.oracle.com/products/ |Keyword  Occurred  :61]]>
    </line>
    <line>
      <![CDATA[In Links Page : https://docs.oracle.com/cd/B19306_01/server.102/b14220/intro.htm |Keyword  Occurred  :201]]>
    </line>
    <line>
      <![CDATA[In Links Page : https://www.britannica.com/topic/Oracle-Corporation |Keyword  Occurred  :15]]>
    </line>
    <line>
      <![CDATA[In Links Page : https://in.linkedin.com/company/oracle |Keyword  Occurred  :0]]>
    </line>
    <line>
      <![CDATA[In Links Page : https://en.wikipedia.org/wiki/Oracle_Corporation |Keyword  Occurred  :330]]>
    </line>
    <line>
      <![CDATA[In Links Page : https://oracle.taleo.net/careersection/2/jobsearch.ftl |Keyword  Occurred  :13]]>
    </line>
    <line>
      <![CDATA[In Links Page : https://www.merriam-webster.com/dictionary/oracle |Keyword  Occurred  :7]]>
    </line>
    <line>
      <![CDATA[In Links Page : https://www.oracle.com/ |Keyword  Occurred  :47]]>
    </line>
    <line>
      <![CDATA[In Links Page : https://www.yourdictionary.com/oracle |Keyword  Occurred  :9]]>
    </line>
    <line>
      <![CDATA[*******Displaying From File*******:Belagavi]]>
    </line>
    <line>
      <![CDATA[https://en.wikipedia.org/wiki/Belgaum]]>
    </line>
    <line>
      <![CDATA[https://en.wikipedia.org/wiki/Belgaum]]>
    </line>
    <line>
      <![CDATA[https://belagavi.nic.in/en/history/]]>
    </line>
    <line>
      <![CDATA[https://belagavitimes.com/2020/08/10/how-is-belgaum-city-to-live-in/]]>
    </line>
    <line>
      <![CDATA[https://www.yatra.com/india-tourism/belgaum/how-to-reach]]>
    </line>
    <line>
      <![CDATA[https://en.wikipedia.org/wiki/Belgaum_(Lok_Sabha_constituency)]]>
    </line>
    <line>
      <![CDATA[https://belagavi.nic.in/en/]]>
    </line>
    <line>
      <![CDATA[https://districts.ecourts.gov.in/belagavi]]>
    </line>
    <line>
      <![CDATA[https://www.tripadvisor.in/Tourism-g737165-Belgaum_Belgaum_District_Karnataka-Vacations.html]]>
    </line>
    <line>
      <![CDATA[*******Displaying From File*******:Bengaluru]]>
    </line>
    <line>
      <![CDATA[https://en.wikipedia.org/wiki/Belgaum]]>
    </line>
    <line>
      <![CDATA[https://en.wikipedia.org/wiki/Belgaum]]>
    </line>
    <line>
      <![CDATA[https://belagavi.nic.in/en/history/]]>
    </line>
    <line>
      <![CDATA[https://belagavitimes.com/2020/08/10/how-is-belgaum-city-to-live-in/]]>
    </line>
    <line>
      <![CDATA[https://www.yatra.com/india-tourism/belgaum/how-to-reach]]>
    </line>
    <line>
      <![CDATA[https://en.wikipedia.org/wiki/Belgaum_(Lok_Sabha_constituency)]]>
    </line>
    <line>
      <![CDATA[https://belagavi.nic.in/en/]]>
    </line>
    <line>
      <![CDATA[https://districts.ecourts.gov.in/belagavi]]>
    </line>
    <line>
      <![CDATA[https://www.tripadvisor.in/Tourism-g737165-Belgaum_Belgaum_District_Karnataka-Vacations.html]]>
    </line>
    <line>
      <![CDATA[*******Displaying From File*******:Mangaluru]]>
    </line>
    <line>
      <![CDATA[https://en.wikipedia.org/wiki/Belgaum]]>
    </line>
    <line>
      <![CDATA[https://en.wikipedia.org/wiki/Belgaum]]>
    </line>
    <line>
      <![CDATA[https://belagavi.nic.in/en/history/]]>
    </line>
    <line>
      <![CDATA[https://belagavitimes.com/2020/08/10/how-is-belgaum-city-to-live-in/]]>
    </line>
    <line>
      <![CDATA[https://www.yatra.com/india-tourism/belgaum/how-to-reach]]>
    </line>
    <line>
      <![CDATA[https://en.wikipedia.org/wiki/Belgaum_(Lok_Sabha_constituency)]]>
    </line>
    <line>
      <![CDATA[https://belagavi.nic.in/en/]]>
    </line>
    <line>
      <![CDATA[https://districts.ecourts.gov.in/belagavi]]>
    </line>
    <line>
      <![CDATA[https://www.tripadvisor.in/Tourism-g737165-Belgaum_Belgaum_District_Karnataka-Vacations.html]]>
    </line>
    <line>
      <![CDATA[*******Displaying From File*******:Udupi]]>
    </line>
    <line>
      <![CDATA[https://en.wikipedia.org/wiki/Belgaum]]>
    </line>
    <line>
      <![CDATA[https://en.wikipedia.org/wiki/Belgaum]]>
    </line>
    <line>
      <![CDATA[https://belagavi.nic.in/en/history/]]>
    </line>
    <line>
      <![CDATA[https://belagavitimes.com/2020/08/10/how-is-belgaum-city-to-live-in/]]>
    </line>
    <line>
      <![CDATA[https://www.yatra.com/india-tourism/belgaum/how-to-reach]]>
    </line>
    <line>
      <![CDATA[https://en.wikipedia.org/wiki/Belgaum_(Lok_Sabha_constituency)]]>
    </line>
    <line>
      <![CDATA[https://belagavi.nic.in/en/]]>
    </line>
    <line>
      <![CDATA[https://districts.ecourts.gov.in/belagavi]]>
    </line>
    <line>
      <![CDATA[https://www.tripadvisor.in/Tourism-g737165-Belgaum_Belgaum_District_Karnataka-Vacations.html]]>
    </line>
    <line>
      <![CDATA[*******Displaying From File*******:Dharwad]]>
    </line>
    <line>
      <![CDATA[https://en.wikipedia.org/wiki/Belgaum]]>
    </line>
    <line>
      <![CDATA[https://en.wikipedia.org/wiki/Belgaum]]>
    </line>
    <line>
      <![CDATA[https://belagavi.nic.in/en/history/]]>
    </line>
    <line>
      <![CDATA[https://belagavitimes.com/2020/08/10/how-is-belgaum-city-to-live-in/]]>
    </line>
    <line>
      <![CDATA[https://www.yatra.com/india-tourism/belgaum/how-to-reach]]>
    </line>
    <line>
      <![CDATA[https://en.wikipedia.org/wiki/Belgaum_(Lok_Sabha_constituency)]]>
    </line>
    <line>
      <![CDATA[https://belagavi.nic.in/en/]]>
    </line>
    <line>
      <![CDATA[https://districts.ecourts.gov.in/belagavi]]>
    </line>
    <line>
      <![CDATA[https://www.tripadvisor.in/Tourism-g737165-Belgaum_Belgaum_District_Karnataka-Vacations.html]]>
    </line>
  </reporter-output>
  <suite started-at="2021-04-05T06:31:56Z" name="AssessmentSuite" finished-at="2021-04-05T06:34:21Z" duration-ms="144911">
    <groups>
    </groups>
    <test started-at="2021-04-05T06:31:56Z" name="GoogleSearchTest" finished-at="2021-04-05T06:34:21Z" duration-ms="144911">
      <class name="googletests.Verify_RetriveGooglePageTop10ResultsAndStoreInFileandDisplay">
        <test-method is-config="true" signature="init(java.lang.String)[pri:0, instance:googletests.Verify_RetriveGooglePageTop10ResultsAndStoreInFileandDisplay@76a4ebf2]" started-at="2021-04-05T12:04:17Z" name="init" finished-at="2021-04-05T12:04:17Z" duration-ms="510" status="PASS">
          <params>
            <param index="0">
              <value>
                <![CDATA[CHROME]]>
              </value>
            </param>
          </params>
          <reporter-output>
          </reporter-output>
        </test-method> <!-- init -->
        <test-method signature="testToverifyGoogleForTop10Results(java.lang.String)[pri:0, instance:googletests.Verify_RetriveGooglePageTop10ResultsAndStoreInFileandDisplay@76a4ebf2]" started-at="2021-04-05T12:04:17Z" name="testToverifyGoogleForTop10Results" description="Test Case to verify Google search 10 results and get links in file and display links from files " data-provider="testdata" finished-at="2021-04-05T12:04:20Z" duration-ms="2249" status="PASS">
          <params>
            <param index="0">
              <value>
                <![CDATA[Belagavi]]>
              </value>
            </param>
          </params>
          <reporter-output>
            <line>
              <![CDATA[*******Displaying From File*******:Belagavi]]>
            </line>
            <line>
              <![CDATA[https://en.wikipedia.org/wiki/Belgaum]]>
            </line>
            <line>
              <![CDATA[https://en.wikipedia.org/wiki/Belgaum]]>
            </line>
            <line>
              <![CDATA[https://belagavi.nic.in/en/history/]]>
            </line>
            <line>
              <![CDATA[https://belagavitimes.com/2020/08/10/how-is-belgaum-city-to-live-in/]]>
            </line>
            <line>
              <![CDATA[https://www.yatra.com/india-tourism/belgaum/how-to-reach]]>
            </line>
            <line>
              <![CDATA[https://en.wikipedia.org/wiki/Belgaum_(Lok_Sabha_constituency)]]>
            </line>
            <line>
              <![CDATA[https://belagavi.nic.in/en/]]>
            </line>
            <line>
              <![CDATA[https://districts.ecourts.gov.in/belagavi]]>
            </line>
            <line>
              <![CDATA[https://www.tripadvisor.in/Tourism-g737165-Belgaum_Belgaum_District_Karnataka-Vacations.html]]>
            </line>
          </reporter-output>
        </test-method> <!-- testToverifyGoogleForTop10Results -->
        <test-method signature="testToverifyGoogleForTop10Results(java.lang.String)[pri:0, instance:googletests.Verify_RetriveGooglePageTop10ResultsAndStoreInFileandDisplay@76a4ebf2]" started-at="2021-04-05T12:04:20Z" name="testToverifyGoogleForTop10Results" description="Test Case to verify Google search 10 results and get links in file and display links from files " data-provider="testdata" finished-at="2021-04-05T12:04:20Z" duration-ms="396" status="PASS">
          <params>
            <param index="0">
              <value>
                <![CDATA[Bengaluru]]>
              </value>
            </param>
          </params>
          <reporter-output>
            <line>
              <![CDATA[*******Displaying From File*******:Bengaluru]]>
            </line>
            <line>
              <![CDATA[https://en.wikipedia.org/wiki/Belgaum]]>
            </line>
            <line>
              <![CDATA[https://en.wikipedia.org/wiki/Belgaum]]>
            </line>
            <line>
              <![CDATA[https://belagavi.nic.in/en/history/]]>
            </line>
            <line>
              <![CDATA[https://belagavitimes.com/2020/08/10/how-is-belgaum-city-to-live-in/]]>
            </line>
            <line>
              <![CDATA[https://www.yatra.com/india-tourism/belgaum/how-to-reach]]>
            </line>
            <line>
              <![CDATA[https://en.wikipedia.org/wiki/Belgaum_(Lok_Sabha_constituency)]]>
            </line>
            <line>
              <![CDATA[https://belagavi.nic.in/en/]]>
            </line>
            <line>
              <![CDATA[https://districts.ecourts.gov.in/belagavi]]>
            </line>
            <line>
              <![CDATA[https://www.tripadvisor.in/Tourism-g737165-Belgaum_Belgaum_District_Karnataka-Vacations.html]]>
            </line>
          </reporter-output>
        </test-method> <!-- testToverifyGoogleForTop10Results -->
        <test-method signature="testToverifyGoogleForTop10Results(java.lang.String)[pri:0, instance:googletests.Verify_RetriveGooglePageTop10ResultsAndStoreInFileandDisplay@76a4ebf2]" started-at="2021-04-05T12:04:20Z" name="testToverifyGoogleForTop10Results" description="Test Case to verify Google search 10 results and get links in file and display links from files " data-provider="testdata" finished-at="2021-04-05T12:04:20Z" duration-ms="296" status="PASS">
          <params>
            <param index="0">
              <value>
                <![CDATA[Mangaluru]]>
              </value>
            </param>
          </params>
          <reporter-output>
            <line>
              <![CDATA[*******Displaying From File*******:Mangaluru]]>
            </line>
            <line>
              <![CDATA[https://en.wikipedia.org/wiki/Belgaum]]>
            </line>
            <line>
              <![CDATA[https://en.wikipedia.org/wiki/Belgaum]]>
            </line>
            <line>
              <![CDATA[https://belagavi.nic.in/en/history/]]>
            </line>
            <line>
              <![CDATA[https://belagavitimes.com/2020/08/10/how-is-belgaum-city-to-live-in/]]>
            </line>
            <line>
              <![CDATA[https://www.yatra.com/india-tourism/belgaum/how-to-reach]]>
            </line>
            <line>
              <![CDATA[https://en.wikipedia.org/wiki/Belgaum_(Lok_Sabha_constituency)]]>
            </line>
            <line>
              <![CDATA[https://belagavi.nic.in/en/]]>
            </line>
            <line>
              <![CDATA[https://districts.ecourts.gov.in/belagavi]]>
            </line>
            <line>
              <![CDATA[https://www.tripadvisor.in/Tourism-g737165-Belgaum_Belgaum_District_Karnataka-Vacations.html]]>
            </line>
          </reporter-output>
        </test-method> <!-- testToverifyGoogleForTop10Results -->
        <test-method signature="testToverifyGoogleForTop10Results(java.lang.String)[pri:0, instance:googletests.Verify_RetriveGooglePageTop10ResultsAndStoreInFileandDisplay@76a4ebf2]" started-at="2021-04-05T12:04:20Z" name="testToverifyGoogleForTop10Results" description="Test Case to verify Google search 10 results and get links in file and display links from files " data-provider="testdata" finished-at="2021-04-05T12:04:21Z" duration-ms="289" status="PASS">
          <params>
            <param index="0">
              <value>
                <![CDATA[Udupi]]>
              </value>
            </param>
          </params>
          <reporter-output>
            <line>
              <![CDATA[*******Displaying From File*******:Udupi]]>
            </line>
            <line>
              <![CDATA[https://en.wikipedia.org/wiki/Belgaum]]>
            </line>
            <line>
              <![CDATA[https://en.wikipedia.org/wiki/Belgaum]]>
            </line>
            <line>
              <![CDATA[https://belagavi.nic.in/en/history/]]>
            </line>
            <line>
              <![CDATA[https://belagavitimes.com/2020/08/10/how-is-belgaum-city-to-live-in/]]>
            </line>
            <line>
              <![CDATA[https://www.yatra.com/india-tourism/belgaum/how-to-reach]]>
            </line>
            <line>
              <![CDATA[https://en.wikipedia.org/wiki/Belgaum_(Lok_Sabha_constituency)]]>
            </line>
            <line>
              <![CDATA[https://belagavi.nic.in/en/]]>
            </line>
            <line>
              <![CDATA[https://districts.ecourts.gov.in/belagavi]]>
            </line>
            <line>
              <![CDATA[https://www.tripadvisor.in/Tourism-g737165-Belgaum_Belgaum_District_Karnataka-Vacations.html]]>
            </line>
          </reporter-output>
        </test-method> <!-- testToverifyGoogleForTop10Results -->
        <test-method signature="testToverifyGoogleForTop10Results(java.lang.String)[pri:0, instance:googletests.Verify_RetriveGooglePageTop10ResultsAndStoreInFileandDisplay@76a4ebf2]" started-at="2021-04-05T12:04:21Z" name="testToverifyGoogleForTop10Results" description="Test Case to verify Google search 10 results and get links in file and display links from files " data-provider="testdata" finished-at="2021-04-05T12:04:21Z" duration-ms="324" status="PASS">
          <params>
            <param index="0">
              <value>
                <![CDATA[Dharwad]]>
              </value>
            </param>
          </params>
          <reporter-output>
            <line>
              <![CDATA[*******Displaying From File*******:Dharwad]]>
            </line>
            <line>
              <![CDATA[https://en.wikipedia.org/wiki/Belgaum]]>
            </line>
            <line>
              <![CDATA[https://en.wikipedia.org/wiki/Belgaum]]>
            </line>
            <line>
              <![CDATA[https://belagavi.nic.in/en/history/]]>
            </line>
            <line>
              <![CDATA[https://belagavitimes.com/2020/08/10/how-is-belgaum-city-to-live-in/]]>
            </line>
            <line>
              <![CDATA[https://www.yatra.com/india-tourism/belgaum/how-to-reach]]>
            </line>
            <line>
              <![CDATA[https://en.wikipedia.org/wiki/Belgaum_(Lok_Sabha_constituency)]]>
            </line>
            <line>
              <![CDATA[https://belagavi.nic.in/en/]]>
            </line>
            <line>
              <![CDATA[https://districts.ecourts.gov.in/belagavi]]>
            </line>
            <line>
              <![CDATA[https://www.tripadvisor.in/Tourism-g737165-Belgaum_Belgaum_District_Karnataka-Vacations.html]]>
            </line>
          </reporter-output>
        </test-method> <!-- testToverifyGoogleForTop10Results -->
      </class> <!-- googletests.Verify_RetriveGooglePageTop10ResultsAndStoreInFileandDisplay -->
      <class name="googletests.Verify_GooglePageTop10ResultsLinkAndOpenLinkandCountKeyword">
        <test-method is-config="true" signature="init(java.lang.String)[pri:0, instance:googletests.Verify_GooglePageTop10ResultsLinkAndOpenLinkandCountKeyword@2892d68]" started-at="2021-04-05T12:01:56Z" name="init" finished-at="2021-04-05T12:02:03Z" duration-ms="6700" status="PASS">
          <params>
            <param index="0">
              <value>
                <![CDATA[CHROME]]>
              </value>
            </param>
          </params>
          <reporter-output>
          </reporter-output>
        </test-method> <!-- init -->
        <test-method signature="testToverifyGooglePageTop10ResultsLinkAndOpenLinkandCountKeyword(java.lang.String)[pri:0, instance:googletests.Verify_GooglePageTop10ResultsLinkAndOpenLinkandCountKeyword@2892d68]" started-at="2021-04-05T12:02:03Z" name="testToverifyGooglePageTop10ResultsLinkAndOpenLinkandCountKeyword" description="Test Case to Verify Top 10 results of keyword search and open search links and count occurrenc of keyword in new link page" data-provider="testdata" finished-at="2021-04-05T12:04:17Z" duration-ms="134128" status="PASS">
          <params>
            <param index="0">
              <value>
                <![CDATA[Oracle]]>
              </value>
            </param>
          </params>
          <reporter-output>
            <line>
              <![CDATA[In Links Page : https://www.youtube.com/oracle/ |Keyword  Occurred  :45]]>
            </line>
            <line>
              <![CDATA[In Links Page : https://www.oracle.com/products/ |Keyword  Occurred  :61]]>
            </line>
            <line>
              <![CDATA[In Links Page : https://docs.oracle.com/cd/B19306_01/server.102/b14220/intro.htm |Keyword  Occurred  :201]]>
            </line>
            <line>
              <![CDATA[In Links Page : https://www.britannica.com/topic/Oracle-Corporation |Keyword  Occurred  :15]]>
            </line>
            <line>
              <![CDATA[In Links Page : https://in.linkedin.com/company/oracle |Keyword  Occurred  :0]]>
            </line>
            <line>
              <![CDATA[In Links Page : https://en.wikipedia.org/wiki/Oracle_Corporation |Keyword  Occurred  :330]]>
            </line>
            <line>
              <![CDATA[In Links Page : https://oracle.taleo.net/careersection/2/jobsearch.ftl |Keyword  Occurred  :13]]>
            </line>
            <line>
              <![CDATA[In Links Page : https://www.merriam-webster.com/dictionary/oracle |Keyword  Occurred  :7]]>
            </line>
            <line>
              <![CDATA[In Links Page : https://www.oracle.com/ |Keyword  Occurred  :47]]>
            </line>
            <line>
              <![CDATA[In Links Page : https://www.yourdictionary.com/oracle |Keyword  Occurred  :9]]>
            </line>
          </reporter-output>
        </test-method> <!-- testToverifyGooglePageTop10ResultsLinkAndOpenLinkandCountKeyword -->
        <test-method is-config="true" signature="tearDown()[pri:0, instance:googletests.Verify_GooglePageTop10ResultsLinkAndOpenLinkandCountKeyword@2892d68]" started-at="2021-04-05T12:04:21Z" name="tearDown" finished-at="2021-04-05T12:04:21Z" duration-ms="1" status="PASS">
          <reporter-output>
          </reporter-output>
        </test-method> <!-- tearDown -->
      </class> <!-- googletests.Verify_GooglePageTop10ResultsLinkAndOpenLinkandCountKeyword -->
    </test> <!-- GoogleSearchTest -->
  </suite> <!-- AssessmentSuite -->
</testng-results>
