<?xml version="1.0" encoding="UTF-8"?>
<testsuite xmlns:xsi="http://www.w3.org/2001/XMLSchema-instance" xsi:noNamespaceSchemaLocation="https://maven.apache.org/surefire/maven-surefire-plugin/xsd/surefire-test-report.xsd" name="TestSuite" time="147.273" tests="6" errors="0" skipped="0" failures="0">
  <properties>
[...]
</properties>
  <testcase name="testToverifyGooglePageTop10ResultsLinkAndOpenLinkandCountKeyword" classname="googletests.Verify_GooglePageTop10ResultsLinkAndOpenLinkandCountKeyword" time="134.133"/>
  <testcase name="testToverifyGoogleForTop10Results" classname="googletests.Verify_RetriveGooglePageTop10ResultsAndStoreInFileandDisplay" time="2.253"/>
  <testcase name="testToverifyGoogleForTop10Results" classname="googletests.Verify_RetriveGooglePageTop10ResultsAndStoreInFileandDisplay" time="0.393"/>
  <testcase name="testToverifyGoogleForTop10Results" classname="googletests.Verify_RetriveGooglePageTop10ResultsAndStoreInFileandDisplay" time="0.297"/>
  <testcase name="testToverifyGoogleForTop10Results" classname="googletests.Verify_RetriveGooglePageTop10ResultsAndStoreInFileandDisplay" time="0.289"/>
  <testcase name="testToverifyGoogleForTop10Results" classname="googletests.Verify_RetriveGooglePageTop10ResultsAndStoreInFileandDisplay" time="0.324"/>
</testsuite>