<?xml version="1.0" encoding="UTF-8"?>
<!-- Generated by org.testng.reporters.JUnitXMLReporter -->
<testsuite hostname="DESKTOP-5LMBOJS" failures="0" tests="6" name="GoogleSearchTest" time="144.911" errors="0" timestamp="5 Apr 2021 06:34:21 GMT">
  <testcase classname="googletests.Verify_GooglePageTop10ResultsLinkAndOpenLinkandCountKeyword" name="testToverifyGooglePageTop10ResultsLinkAndOpenLinkandCountKeyword" time="134.128"/>
  <testcase classname="googletests.Verify_RetriveGooglePageTop10ResultsAndStoreInFileandDisplay" name="testToverifyGoogleForTop10Results" time="2.249"/>
  <testcase classname="googletests.Verify_RetriveGooglePageTop10ResultsAndStoreInFileandDisplay" name="testToverifyGoogleForTop10Results" time="0.396"/>
  <testcase classname="googletests.Verify_RetriveGooglePageTop10ResultsAndStoreInFileandDisplay" name="testToverifyGoogleForTop10Results" time="0.296"/>
  <testcase classname="googletests.Verify_RetriveGooglePageTop10ResultsAndStoreInFileandDisplay" name="testToverifyGoogleForTop10Results" time="0.289"/>
  <testcase classname="googletests.Verify_RetriveGooglePageTop10ResultsAndStoreInFileandDisplay" name="testToverifyGoogleForTop10Results" time="0.324"/>
</testsuite> <!-- GoogleSearchTest -->
