<?xml version="1.0" encoding="UTF-8"?>
<testsuite name="GoogleSearchTest"
           tests="1"
           failures="0"
           errors="0"
           skipped="0"
           time="134.128">
    <properties></properties>



            <testcase
                name="testToverifyGooglePageTop10ResultsLinkAndOpenLinkandCountKeyword"
                time="134.128"
                classname="googletests.Verify_GooglePageTop10ResultsLinkAndOpenLinkandCountKeyword">
            </testcase>
</testsuite>
